<?xml version="1.0" encoding="UTF-8"?>
<testsuite xmlns:xsi="http://www.w3.org/2001/XMLSchema-instance" xsi:noNamespaceSchemaLocation="https://maven.apache.org/surefire/maven-surefire-plugin/xsd/surefire-test-report-3.0.xsd" version="3.0" name="TestSuite" time="5.075" tests="5" errors="0" skipped="0" failures="0">
  <properties>
    <property name="sun.desktop" value="windows"/>
    <property name="awt.toolkit" value="sun.awt.windows.WToolkit"/>
    <property name="file.encoding.pkg" value="sun.io"/>
    <property name="java.specification.version" value="1.8"/>
    <property name="sun.cpu.isalist" value="amd64"/>
    <property name="sun.jnu.encoding" value="Cp1252"/>
    <property name="java.class.path" value="C:\Users\sahil\eclipse-workspace\APIAuto\target\test-classes;C:\Users\sahil\eclipse-workspace\APIAuto\target\classes;C:\Users\sahil\.m2\repository\org\testng\testng\6.10\testng-6.10.jar;C:\Users\sahil\.m2\repository\com\beust\jcommander\1.48\jcommander-1.48.jar;C:\Users\sahil\.m2\repository\com\jayway\restassured\rest-assured\2.9.0\rest-assured-2.9.0.jar;C:\Users\sahil\.m2\repository\org\codehaus\groovy\groovy\2.4.4\groovy-2.4.4.jar;C:\Users\sahil\.m2\repository\org\codehaus\groovy\groovy-xml\2.4.4\groovy-xml-2.4.4.jar;C:\Users\sahil\.m2\repository\org\apache\httpcomponents\httpclient\4.5.1\httpclient-4.5.1.jar;C:\Users\sahil\.m2\repository\org\apache\httpcomponents\httpcore\4.4.3\httpcore-4.4.3.jar;C:\Users\sahil\.m2\repository\commons-logging\commons-logging\1.2\commons-logging-1.2.jar;C:\Users\sahil\.m2\repository\commons-codec\commons-codec\1.9\commons-codec-1.9.jar;C:\Users\sahil\.m2\repository\org\apache\httpcomponents\httpmime\4.5.1\httpmime-4.5.1.jar;C:\Users\sahil\.m2\repository\org\hamcrest\hamcrest-core\1.3\hamcrest-core-1.3.jar;C:\Users\sahil\.m2\repository\org\hamcrest\hamcrest-library\1.3\hamcrest-library-1.3.jar;C:\Users\sahil\.m2\repository\org\ccil\cowan\tagsoup\tagsoup\1.2.1\tagsoup-1.2.1.jar;C:\Users\sahil\.m2\repository\com\jayway\restassured\xml-path\2.9.0\xml-path-2.9.0.jar;C:\Users\sahil\.m2\repository\org\apache\commons\commons-lang3\3.3.2\commons-lang3-3.3.2.jar;C:\Users\sahil\.m2\repository\com\jayway\restassured\json-schema-validator\2.9.0\json-schema-validator-2.9.0.jar;C:\Users\sahil\.m2\repository\com\github\fge\json-schema-validator\2.2.6\json-schema-validator-2.2.6.jar;C:\Users\sahil\.m2\repository\com\google\code\findbugs\jsr305\3.0.0\jsr305-3.0.0.jar;C:\Users\sahil\.m2\repository\joda-time\joda-time\2.3\joda-time-2.3.jar;C:\Users\sahil\.m2\repository\com\googlecode\libphonenumber\libphonenumber\6.2\libphonenumber-6.2.jar;C:\Users\sahil\.m2\repository\com\github\fge\json-schema-core\1.2.5\json-schema-core-1.2.5.jar;C:\Users\sahil\.m2\repository\com\github\fge\uri-template\0.9\uri-template-0.9.jar;C:\Users\sahil\.m2\repository\com\github\fge\msg-simple\1.1\msg-simple-1.1.jar;C:\Users\sahil\.m2\repository\com\github\fge\btf\1.2\btf-1.2.jar;C:\Users\sahil\.m2\repository\com\google\guava\guava\16.0.1\guava-16.0.1.jar;C:\Users\sahil\.m2\repository\com\github\fge\jackson-coreutils\1.8\jackson-coreutils-1.8.jar;C:\Users\sahil\.m2\repository\org\mozilla\rhino\1.7R4\rhino-1.7R4.jar;C:\Users\sahil\.m2\repository\javax\mail\mailapi\1.4.3\mailapi-1.4.3.jar;C:\Users\sahil\.m2\repository\javax\activation\activation\1.1\activation-1.1.jar;C:\Users\sahil\.m2\repository\net\sf\jopt-simple\jopt-simple\4.6\jopt-simple-4.6.jar;C:\Users\sahil\.m2\repository\com\jayway\restassured\json-path\2.2.0\json-path-2.2.0.jar;C:\Users\sahil\.m2\repository\org\codehaus\groovy\groovy-json\2.2.0\groovy-json-2.2.0.jar;C:\Users\sahil\.m2\repository\com\fasterxml\jackson\core\jackson-databind\2.3.0\jackson-databind-2.3.0.jar;C:\Users\sahil\.m2\repository\com\fasterxml\jackson\core\jackson-annotations\2.3.0\jackson-annotations-2.3.0.jar;C:\Users\sahil\.m2\repository\com\fasterxml\jackson\core\jackson-core\2.3.0\jackson-core-2.3.0.jar;C:\Users\sahil\.m2\repository\org\codehaus\jackson\jackson-core-asl\1.8.5\jackson-core-asl-1.8.5.jar;C:\Users\sahil\.m2\repository\org\codehaus\jackson\jackson-mapper-asl\1.8.5\jackson-mapper-asl-1.8.5.jar;C:\Users\sahil\.m2\repository\com\google\code\gson\gson\1.7.2\gson-1.7.2.jar;C:\Users\sahil\.m2\repository\com\googlecode\json-simple\json-simple\1.1\json-simple-1.1.jar;C:\Users\sahil\.m2\repository\com\jayway\restassured\rest-assured-common\2.2.0\rest-assured-common-2.2.0.jar;C:\Users\sahil\.m2\repository\org\json\json\20190722\json-20190722.jar;"/>
    <property name="java.vm.vendor" value="Oracle Corporation"/>
    <property name="sun.arch.data.model" value="64"/>
    <property name="user.variant" value=""/>
    <property name="java.vendor.url" value="http://java.oracle.com/"/>
    <property name="user.timezone" value="Asia/Calcutta"/>
    <property name="java.vm.specification.version" value="1.8"/>
    <property name="os.name" value="Windows 10"/>
    <property name="user.country" value="IN"/>
    <property name="sun.java.launcher" value="SUN_STANDARD"/>
    <property name="sun.boot.library.path" value="C:\Program Files\Java\jre1.8.0_221\bin"/>
    <property name="sun.java.command" value="C:\Users\sahil\AppData\Local\Temp\surefire2554310030404060300\surefirebooter754333550931115169.jar C:\Users\sahil\AppData\Local\Temp\surefire2554310030404060300 2020-08-08T00-05-53_015-jvmRun1 surefire373231924728171100tmp surefire_04120217306567189398tmp"/>
    <property name="surefire.test.class.path" value="C:\Users\sahil\eclipse-workspace\APIAuto\target\test-classes;C:\Users\sahil\eclipse-workspace\APIAuto\target\classes;C:\Users\sahil\.m2\repository\org\testng\testng\6.10\testng-6.10.jar;C:\Users\sahil\.m2\repository\com\beust\jcommander\1.48\jcommander-1.48.jar;C:\Users\sahil\.m2\repository\com\jayway\restassured\rest-assured\2.9.0\rest-assured-2.9.0.jar;C:\Users\sahil\.m2\repository\org\codehaus\groovy\groovy\2.4.4\groovy-2.4.4.jar;C:\Users\sahil\.m2\repository\org\codehaus\groovy\groovy-xml\2.4.4\groovy-xml-2.4.4.jar;C:\Users\sahil\.m2\repository\org\apache\httpcomponents\httpclient\4.5.1\httpclient-4.5.1.jar;C:\Users\sahil\.m2\repository\org\apache\httpcomponents\httpcore\4.4.3\httpcore-4.4.3.jar;C:\Users\sahil\.m2\repository\commons-logging\commons-logging\1.2\commons-logging-1.2.jar;C:\Users\sahil\.m2\repository\commons-codec\commons-codec\1.9\commons-codec-1.9.jar;C:\Users\sahil\.m2\repository\org\apache\httpcomponents\httpmime\4.5.1\httpmime-4.5.1.jar;C:\Users\sahil\.m2\repository\org\hamcrest\hamcrest-core\1.3\hamcrest-core-1.3.jar;C:\Users\sahil\.m2\repository\org\hamcrest\hamcrest-library\1.3\hamcrest-library-1.3.jar;C:\Users\sahil\.m2\repository\org\ccil\cowan\tagsoup\tagsoup\1.2.1\tagsoup-1.2.1.jar;C:\Users\sahil\.m2\repository\com\jayway\restassured\xml-path\2.9.0\xml-path-2.9.0.jar;C:\Users\sahil\.m2\repository\org\apache\commons\commons-lang3\3.3.2\commons-lang3-3.3.2.jar;C:\Users\sahil\.m2\repository\com\jayway\restassured\json-schema-validator\2.9.0\json-schema-validator-2.9.0.jar;C:\Users\sahil\.m2\repository\com\github\fge\json-schema-validator\2.2.6\json-schema-validator-2.2.6.jar;C:\Users\sahil\.m2\repository\com\google\code\findbugs\jsr305\3.0.0\jsr305-3.0.0.jar;C:\Users\sahil\.m2\repository\joda-time\joda-time\2.3\joda-time-2.3.jar;C:\Users\sahil\.m2\repository\com\googlecode\libphonenumber\libphonenumber\6.2\libphonenumber-6.2.jar;C:\Users\sahil\.m2\repository\com\github\fge\json-schema-core\1.2.5\json-schema-core-1.2.5.jar;C:\Users\sahil\.m2\repository\com\github\fge\uri-template\0.9\uri-template-0.9.jar;C:\Users\sahil\.m2\repository\com\github\fge\msg-simple\1.1\msg-simple-1.1.jar;C:\Users\sahil\.m2\repository\com\github\fge\btf\1.2\btf-1.2.jar;C:\Users\sahil\.m2\repository\com\google\guava\guava\16.0.1\guava-16.0.1.jar;C:\Users\sahil\.m2\repository\com\github\fge\jackson-coreutils\1.8\jackson-coreutils-1.8.jar;C:\Users\sahil\.m2\repository\org\mozilla\rhino\1.7R4\rhino-1.7R4.jar;C:\Users\sahil\.m2\repository\javax\mail\mailapi\1.4.3\mailapi-1.4.3.jar;C:\Users\sahil\.m2\repository\javax\activation\activation\1.1\activation-1.1.jar;C:\Users\sahil\.m2\repository\net\sf\jopt-simple\jopt-simple\4.6\jopt-simple-4.6.jar;C:\Users\sahil\.m2\repository\com\jayway\restassured\json-path\2.2.0\json-path-2.2.0.jar;C:\Users\sahil\.m2\repository\org\codehaus\groovy\groovy-json\2.2.0\groovy-json-2.2.0.jar;C:\Users\sahil\.m2\repository\com\fasterxml\jackson\core\jackson-databind\2.3.0\jackson-databind-2.3.0.jar;C:\Users\sahil\.m2\repository\com\fasterxml\jackson\core\jackson-annotations\2.3.0\jackson-annotations-2.3.0.jar;C:\Users\sahil\.m2\repository\com\fasterxml\jackson\core\jackson-core\2.3.0\jackson-core-2.3.0.jar;C:\Users\sahil\.m2\repository\org\codehaus\jackson\jackson-core-asl\1.8.5\jackson-core-asl-1.8.5.jar;C:\Users\sahil\.m2\repository\org\codehaus\jackson\jackson-mapper-asl\1.8.5\jackson-mapper-asl-1.8.5.jar;C:\Users\sahil\.m2\repository\com\google\code\gson\gson\1.7.2\gson-1.7.2.jar;C:\Users\sahil\.m2\repository\com\googlecode\json-simple\json-simple\1.1\json-simple-1.1.jar;C:\Users\sahil\.m2\repository\com\jayway\restassured\rest-assured-common\2.2.0\rest-assured-common-2.2.0.jar;C:\Users\sahil\.m2\repository\org\json\json\20190722\json-20190722.jar;"/>
    <property name="sun.cpu.endian" value="little"/>
    <property name="user.home" value="C:\Users\sahil"/>
    <property name="user.language" value="en"/>
    <property name="java.specification.vendor" value="Oracle Corporation"/>
    <property name="java.home" value="C:\Program Files\Java\jre1.8.0_221"/>
    <property name="basedir" value="C:\Users\sahil\eclipse-workspace\APIAuto"/>
    <property name="file.separator" value="\"/>
    <property name="line.separator" value="&#10;"/>
    <property name="java.vm.specification.vendor" value="Oracle Corporation"/>
    <property name="java.specification.name" value="Java Platform API Specification"/>
    <property name="java.awt.graphicsenv" value="sun.awt.Win32GraphicsEnvironment"/>
    <property name="surefire.real.class.path" value="C:\Users\sahil\AppData\Local\Temp\surefire2554310030404060300\surefirebooter754333550931115169.jar"/>
    <property name="sun.boot.class.path" value="C:\Program Files\Java\jre1.8.0_221\lib\resources.jar;C:\Program Files\Java\jre1.8.0_221\lib\rt.jar;C:\Program Files\Java\jre1.8.0_221\lib\sunrsasign.jar;C:\Program Files\Java\jre1.8.0_221\lib\jsse.jar;C:\Program Files\Java\jre1.8.0_221\lib\jce.jar;C:\Program Files\Java\jre1.8.0_221\lib\charsets.jar;C:\Program Files\Java\jre1.8.0_221\lib\jfr.jar;C:\Program Files\Java\jre1.8.0_221\classes"/>
    <property name="user.script" value=""/>
    <property name="sun.management.compiler" value="HotSpot 64-Bit Tiered Compilers"/>
    <property name="java.runtime.version" value="1.8.0_221-b11"/>
    <property name="user.name" value="sahil"/>
    <property name="path.separator" value=";"/>
    <property name="os.version" value="10.0"/>
    <property name="java.endorsed.dirs" value="C:\Program Files\Java\jre1.8.0_221\lib\endorsed"/>
    <property name="java.runtime.name" value="Java(TM) SE Runtime Environment"/>
    <property name="file.encoding" value="Cp1252"/>
    <property name="java.vm.name" value="Java HotSpot(TM) 64-Bit Server VM"/>
    <property name="localRepository" value="C:\Users\sahil\.m2\repository"/>
    <property name="java.vendor.url.bug" value="http://bugreport.sun.com/bugreport/"/>
    <property name="java.io.tmpdir" value="C:\Users\sahil\AppData\Local\Temp\"/>
    <property name="java.version" value="1.8.0_221"/>
    <property name="user.dir" value="C:\Users\sahil\eclipse-workspace\APIAuto"/>
    <property name="os.arch" value="amd64"/>
    <property name="java.vm.specification.name" value="Java Virtual Machine Specification"/>
    <property name="java.awt.printerjob" value="sun.awt.windows.WPrinterJob"/>
    <property name="sun.os.patch.level" value=""/>
    <property name="java.library.path" value="C:\Program Files\Java\jre1.8.0_221\bin;C:\WINDOWS\Sun\Java\bin;C:\WINDOWS\system32;C:\WINDOWS;C:/Program Files/Java/jre1.8.0_221/bin/server;C:/Program Files/Java/jre1.8.0_221/bin;C:/Program Files/Java/jre1.8.0_221/lib/amd64;C:\Program Files\Microsoft MPI\Bin\;C:\Program Files (x86)\Common Files\Oracle\Java\javapath;C:\Program Files (x86)\Intel\iCLS Client\;C:\Program Files\Intel\iCLS Client\;C:\windows\system32;C:\windows;C:\windows\System32\Wbem;C:\windows\System32\WindowsPowerShell\v1.0\;C:\Program Files (x86)\Intel\Intel(R) Management Engine Components\DAL;C:\Program Files\Intel\Intel(R) Management Engine Components\DAL;C:\Program Files (x86)\Intel\Intel(R) Management Engine Components\IPT;C:\Program Files\Intel\Intel(R) Management Engine Components\IPT;C:\Program Files (x86)\NVIDIA Corporation\PhysX\Common;C:\WINDOWS\system32;C:\WINDOWS;C:\WINDOWS\System32\Wbem;C:\WINDOWS\System32\WindowsPowerShell\v1.0\;C:\WINDOWS\System32\OpenSSH\;C:\Program Files\Intel\WiFi\bin\;C:\Program Files\Common Files\Intel\WirelessCommon\;C:\Program Files\Java\jdk1.8.0_221\bin;C:\Program Files\nodejs\;C:\Program Files\nodejs\node_modules;C:\Program Files (x86)\Microsoft SQL Server\150\DTS\Binn\;C:\Program Files (x86)\Microsoft SQL Server\130\DTS\Binn\;C:\Program Files\Microsoft SQL Server\Client SDK\ODBC\130\Tools\Binn\;C:\Program Files (x86)\Microsoft SQL Server\140\Tools\Binn\;C:\Program Files\Microsoft SQL Server\140\Tools\Binn\;C:\Program Files\Microsoft SQL Server\140\DTS\Binn\;C:\Program Files (x86)\Microsoft SQL Server\110\DTS\Binn\;C:\Program Files (x86)\Microsoft SQL Server\120\DTS\Binn\;C:\Program Files (x86)\Microsoft SQL Server\140\DTS\Binn\;C:\Program Files (x86)\Microsoft SQL Server\130\Tools\Binn\;C:\Program Files\Microsoft SQL Server\130\Tools\Binn\;C:\Program Files\Microsoft SQL Server\130\DTS\Binn\;C:\Program Files\Crucial\Crucial Storage Executive;C:\Users\sahil\Anaconda3;C:\Users\sahil\Anaconda3\Library\mingw-w64\bin;C:\Users\sahil\Anaconda3\Library\usr\bin;C:\Users\sahil\Anaconda3\Library\bin;C:\Users\sahil\Anaconda3\Scripts;C:\Users\sahil\AppData\Local\Microsoft\WindowsApps;C:\Users\sahil\AppData\Roaming\npm;D:\eclipse use;;."/>
    <property name="java.vm.info" value="mixed mode"/>
    <property name="java.vendor" value="Oracle Corporation"/>
    <property name="java.vm.version" value="25.221-b11"/>
    <property name="java.ext.dirs" value="C:\Program Files\Java\jre1.8.0_221\lib\ext;C:\WINDOWS\Sun\Java\lib\ext"/>
    <property name="sun.io.unicode.encoding" value="UnicodeLittle"/>
    <property name="java.class.version" value="52.0"/>
  </properties>
  <testcase name="tc1" classname="org.testing.TestScripts.PostRequestTC" time="3.723"/>
  <testcase name="tc2" classname="org.testing.TestScripts.GetRequestTC" time="0.121"/>
  <testcase name="tc3" classname="org.testing.TestScripts.GetRequestWithQueryparameter" time="0.1"/>
  <testcase name="tc4" classname="org.testing.TestScripts.PutRequestTC4" time="0.036"/>
  <testcase name="tc5" classname="org.testing.TestScripts.DeleteRequestTC" time="0.029"/>
</testsuite>