<?xml version="1.0" encoding="UTF-8"?>
<!-- Generated by org.testng.reporters.JUnitReportReporter -->
<testsuite name="org.testing.TestScripts.GetRequestWithQueryparameter" tests="1" time="0.089" ignored="0" failures="0" timestamp="07 Aug 2020 18:33:52 GMT" skipped="0" hostname="LAPTOP-HSOKLF76" errors="0">
  <testcase name="tc3" time="0.089" classname="org.testing.TestScripts.GetRequestWithQueryparameter"/>
</testsuite> <!-- org.testing.TestScripts.GetRequestWithQueryparameter -->
