<?xml version="1.0" encoding="UTF-8"?>
<!-- Generated by org.testng.reporters.JUnitReportReporter -->
<testsuite name="org.testing.TestScripts.DeleteRequestTC" tests="1" time="0.042" ignored="0" failures="0" timestamp="07 Aug 2020 18:33:52 GMT" skipped="0" hostname="LAPTOP-HSOKLF76" errors="0">
  <testcase name="tc5" time="0.042" classname="org.testing.TestScripts.DeleteRequestTC"/>
</testsuite> <!-- org.testing.TestScripts.DeleteRequestTC -->
