<?xml version="1.0" encoding="UTF-8"?>
<!-- Generated by org.testng.reporters.JUnitReportReporter -->
<testsuite name="org.testing.TestScripts.GetRequestTC" tests="1" time="0.159" ignored="0" failures="0" timestamp="08 Aug 2020 09:53:20 GMT" skipped="0" hostname="LAPTOP-HSOKLF76" errors="0">
  <testcase name="tc2" time="0.159" classname="org.testing.TestScripts.GetRequestTC"/>
</testsuite> <!-- org.testing.TestScripts.GetRequestTC -->
