<?xml version="1.0" encoding="UTF-8"?>
<!-- Generated by org.testng.reporters.JUnitReportReporter -->
<testsuite name="org.testing.TestScripts.PostRequestTC" tests="1" time="6.934" ignored="0" failures="0" timestamp="08 Aug 2020 09:53:20 GMT" skipped="0" hostname="LAPTOP-HSOKLF76" errors="0">
  <testcase name="tc1" time="6.934" classname="org.testing.TestScripts.PostRequestTC"/>
</testsuite> <!-- org.testing.TestScripts.PostRequestTC -->
