<?xml version="1.0" encoding="UTF-8"?>
<!-- Generated by org.testng.reporters.JUnitReportReporter -->
<testsuite name="org.testing.TestScripts.PostRequestTC" tests="1" time="3.723" ignored="0" failures="0" timestamp="07 Aug 2020 18:35:59 GMT" skipped="0" hostname="LAPTOP-HSOKLF76" errors="0">
  <testcase name="tc1" time="3.723" classname="org.testing.TestScripts.PostRequestTC"/>
</testsuite> <!-- org.testing.TestScripts.PostRequestTC -->
