<?xml version="1.0" encoding="UTF-8"?>
<!-- Generated by org.testng.reporters.JUnitReportReporter -->
<testsuite name="org.testing.TestScripts.GetRequestTC" tests="1" time="0.084" ignored="0" failures="0" timestamp="07 Aug 2020 18:35:59 GMT" skipped="0" hostname="LAPTOP-HSOKLF76" errors="0">
  <testcase name="tc2" time="0.084" classname="org.testing.TestScripts.GetRequestTC"/>
</testsuite> <!-- org.testing.TestScripts.GetRequestTC -->
